2026-03-28 18:52:52,380 - mori_server - INFO - 
╔══════════════════════════════════════════════════════════╗
║                                                          ║
║   ███╗   ███╗ ██████╗ ██████╗ ██╗                       ║
║   ████╗ ████║██╔═══██╗██╔══██╗██║                       ║
║   ██╔████╔██║██║   ██║██████╔╝██║                       ║
║   ██║╚██╔╝██║██║   ██║██╔══██╗██║                       ║
║   ██║ ╚═╝ ██║╚██████╔╝██║  ██║██║                       ║
║   ╚═╝     ╚═╝ ╚═════╝ ╚═╝  ╚═╝╚═╝                       ║
║                                                          ║
║   🔥 MORI ORACLE SERVER v2.0.0                          ║
║   💪 РАЗРЫВНОЙ РЕЖИМ АКТИВИРОВАН                        ║
║   🚀 Поддержка 10+ приложений                            ║
╚══════════════════════════════════════════════════════════╝
        
2026-03-28 18:52:53,130 - mori_server - INFO - ✅ База данных инициализирована
2026-03-28 18:52:53,274 - mori_routes - INFO - ✅ Зарегистрировано 35 эндпоинтов для 5 origins
2026-03-28 18:52:53,275 - mori_server - INFO - 📋 Зарегистрировано эндпоинтов: 49
2026-03-28 18:52:53,275 - mori_server - INFO - 🌐 Сервер запущен на 0.0.0.0:5000
2026-03-28 18:52:53,275 - mori_server - INFO - 🐍 Debug mode: True
2026-03-28 18:52:53,275 - mori_server - INFO - ⚡ Ожидание подключений...
2026-03-28 18:52:53,322 - mori_server - INFO - 🏁 Сервер завершил работу
2026-03-28 18:54:30,833 - mori_server - INFO - 
╔══════════════════════════════════════════════════════════╗
║                                                          ║
║   ███╗   ███╗ ██████╗ ██████╗ ██╗                       ║
║   ████╗ ████║██╔═══██╗██╔══██╗██║                       ║
║   ██╔████╔██║██║   ██║██████╔╝██║                       ║
║   ██║╚██╔╝██║██║   ██║██╔══██╗██║                       ║
║   ██║ ╚═╝ ██║╚██████╔╝██║  ██║██║                       ║
║   ╚═╝     ╚═╝ ╚═════╝ ╚═╝  ╚═╝╚═╝                       ║
║                                                          ║
║   🔥 MORI ORACLE SERVER v2.0.0                          ║
║   💪 РАЗРЫВНОЙ РЕЖИМ АКТИВИРОВАН                        ║
║   🚀 Поддержка 10+ приложений                            ║
╚══════════════════════════════════════════════════════════╝
        
2026-03-28 18:54:31,424 - mori_server - INFO - ✅ База данных инициализирована
2026-03-28 18:54:31,522 - mori_routes - INFO - ✅ Зарегистрировано 35 эндпоинтов для 5 origins
2026-03-28 18:54:31,522 - mori_server - INFO - 📋 Зарегистрировано эндпоинтов: 49
2026-03-28 18:54:31,523 - mori_server - INFO - 🌐 Сервер запущен на 0.0.0.0:5000
2026-03-28 18:54:31,523 - mori_server - INFO - 🐍 Debug mode: True
2026-03-28 18:54:31,523 - mori_server - INFO - ⚡ Ожидание подключений...
2026-03-28 18:54:31,549 - mori_server - INFO - 🏁 Сервер завершил работу
